Mon Jan 21 18:11:43 CET 2008 root RegistrationManager ChatMain Added registration service for app ChatMain
Mon Jan 21 18:13:08 CET 2008 root RegistrationManager QuestionGame Added registration service for app QuestionGame
Mon Jan 21 18:13:09 CET 2008 root   Ping has take an user forbidden
Mon Jan 21 18:13:10 CET 2008 root   Ping has take an user forbidden
Mon Jan 21 18:13:11 CET 2008 root   Ping has take an user forbidden
Mon Jan 21 18:13:12 CET 2008 root   Ping has take an user forbidden
Mon Jan 21 18:13:13 CET 2008 root   Ping has take an user forbidden
Mon Jan 21 18:13:14 CET 2008 root   Ping has take an user forbidden
Mon Jan 21 18:13:15 CET 2008 root   Ping has take an user forbidden
Mon Jan 21 18:13:16 CET 2008 root   Ping has take an user forbidden
Mon Jan 21 18:13:17 CET 2008 root   Ping has take an user forbidden
Mon Jan 21 18:13:18 CET 2008 root   Ping has take an user forbidden
Mon Jan 21 18:13:37 CET 2008 root   Ping has take an user forbidden
Mon Jan 21 18:13:38 CET 2008 root   Ping has take an user forbidden
Mon Jan 21 18:13:39 CET 2008 root   Ping has take an user forbidden
Mon Jan 21 18:13:46 CET 2008 root   Ping has take an user forbidden
Mon Jan 21 18:13:46 CET 2008 root   Ping has take an user forbidden
Mon Jan 21 18:13:47 CET 2008 root   Ping has take an user forbidden
Mon Jan 21 18:13:48 CET 2008 root   Ping has take an user forbidden
Mon Jan 21 18:13:49 CET 2008 root   Ping has take an user forbidden
Mon Jan 21 18:13:50 CET 2008 root   Ping has take an user forbidden
Mon Jan 21 18:13:51 CET 2008 root   Ping has take an user forbidden
Mon Jan 21 18:13:52 CET 2008 root   Ping has take an user forbidden
Mon Jan 21 18:13:53 CET 2008 root   Ping has take an user forbidden
Mon Jan 21 18:13:54 CET 2008 root   Ping has take an user forbidden
Mon Jan 21 18:13:55 CET 2008 root   Ping has take an user forbidden
Mon Jan 21 18:13:56 CET 2008 root   Ping has take an user forbidden
Mon Jan 21 18:13:57 CET 2008 root   Ping has take an user forbidden
Mon Jan 21 18:13:58 CET 2008 root   Ping has take an user forbidden
Mon Jan 21 18:13:59 CET 2008 root   Ping has take an user forbidden
Mon Jan 21 18:14:00 CET 2008 root   Ping has take an user forbidden
Mon Jan 21 18:14:01 CET 2008 root   Ping has take an user forbidden
Mon Jan 21 18:14:02 CET 2008 root   Ping has take an user forbidden
Mon Jan 21 18:14:03 CET 2008 root   Ping has take an user forbidden
Mon Jan 21 18:14:04 CET 2008 root   Ping has take an user forbidden
Mon Jan 21 18:14:05 CET 2008 root   Ping has take an user forbidden
Mon Jan 21 18:14:06 CET 2008 root   Ping has take an user forbidden
Mon Jan 21 18:14:13 CET 2008 root   Ping has take an user forbidden
Mon Jan 21 18:14:13 CET 2008 root   Ping has take an user forbidden
Mon Jan 21 18:14:14 CET 2008 root   Ping has take an user forbidden
Mon Jan 21 18:14:15 CET 2008 root   Ping has take an user forbidden
Mon Jan 21 18:14:21 CET 2008 root   Ping has take an user forbidden
Mon Jan 21 18:14:22 CET 2008 root   Ping has take an user forbidden
Mon Jan 21 18:14:23 CET 2008 root   Ping has take an user forbidden
Mon Jan 21 18:14:24 CET 2008 root   Ping has take an user forbidden
Mon Jan 21 18:14:25 CET 2008 root   Ping has take an user forbidden
Mon Jan 21 18:14:26 CET 2008 root   Ping has take an user forbidden
Mon Jan 21 18:14:27 CET 2008 root   Ping has take an user forbidden
Mon Jan 21 18:14:28 CET 2008 root   Ping has take an user forbidden
Mon Jan 21 18:14:29 CET 2008 root   Ping has take an user forbidden
Mon Jan 21 18:15:06 CET 2008 root RegistrationManager ChatMain Added registration service for app ChatMain
Mon Jan 21 18:17:36 CET 2008 root ConnectionThread  Input/Output error on link
Mon Jan 21 18:17:43 CET 2008 root SettingsManager 001262E7FD17 Connection refused because requested application hasn't been approved
Mon Jan 21 18:18:06 CET 2008 root SettingsManager 001262E7FD17 Connection refused because requested application hasn't been approved
Mon Jan 21 18:18:37 CET 2008 root SettingsManager 001262E7FD17 Connection refused because requested application hasn't been approved
Mon Jan 21 18:19:04 CET 2008 root SettingsManager 001262E7FD17 Connection refused because requested application hasn't been approved
Mon Jan 21 18:19:37 CET 2008 root SettingsManager 001262E7FD17 Connection refused because requested application hasn't been approved
Mon Jan 21 18:21:28 CET 2008 root RegistrationManager QuestionGame Added registration service for app QuestionGame
Mon Jan 21 18:22:30 CET 2008 root SettingsManager 00188D414297 Connection refused because requested application hasn't been approved
Mon Jan 21 18:22:53 CET 2008 root SettingsManager 00188D414297 Connection refused because requested application hasn't been approved
Mon Jan 21 18:23:23 CET 2008 root SettingsManager 00188D414297 Connection refused because requested application hasn't been approved
Mon Jan 21 18:29:30 CET 2008 root ConnectionThread  Input/Output error on link
Mon Jan 21 18:30:03 CET 2008 root RegistrationManager ChatMain Added registration service for app ChatMain
Mon Jan 21 18:30:13 CET 2008 root SettingsManager 001D6EBABAE5 Connection refused because requested application hasn't been approved
Mon Jan 21 18:30:50 CET 2008 root SettingsManager 001D6EBABAE5 Connection refused because requested application hasn't been approved
Mon Jan 21 18:31:05 CET 2008 root ConnectionThread  Input/Output error on link
Mon Jan 21 18:31:21 CET 2008 root RegistrationManager ChatMain Added registration service for app ChatMain
Mon Jan 21 18:32:15 CET 2008 root RegistrationManager QuestionGame Added registration service for app QuestionGame
Mon Jan 21 18:34:08 CET 2008 root ConnectionThread  Input/Output error on link
Mon Jan 21 18:42:41 CET 2008 root RegistrationManager QuestionGame Added registration service for app QuestionGame
Mon Jan 21 18:42:55 CET 2008 root RegistrationManager ChatMain Added registration service for app ChatMain
Mon Jan 21 18:43:43 CET 2008 root   Ping has take an user forbidden
Mon Jan 21 18:43:44 CET 2008 root   Ping has take an user forbidden
Mon Jan 21 18:43:45 CET 2008 root   Ping has take an user forbidden
Mon Jan 21 18:43:46 CET 2008 root   Ping has take an user forbidden
Mon Jan 21 18:43:47 CET 2008 root   Ping has take an user forbidden
Mon Jan 21 18:43:48 CET 2008 root   Ping has take an user forbidden
Mon Jan 21 18:43:49 CET 2008 root   Ping has take an user forbidden
Mon Jan 21 18:43:50 CET 2008 root   Ping has take an user forbidden
Mon Jan 21 18:43:51 CET 2008 root   Ping has take an user forbidden
Mon Jan 21 18:43:52 CET 2008 root   Ping has take an user forbidden
Mon Jan 21 18:43:58 CET 2008 root   Ping has take an user forbidden
Mon Jan 21 18:43:59 CET 2008 root   Ping has take an user forbidden
Mon Jan 21 18:44:00 CET 2008 root   Ping has take an user forbidden
Mon Jan 21 18:44:01 CET 2008 root   Ping has take an user forbidden
Mon Jan 21 18:44:02 CET 2008 root   Ping has take an user forbidden
Mon Jan 21 18:44:03 CET 2008 root   Ping has take an user forbidden
Mon Jan 21 18:44:04 CET 2008 root   Ping has take an user forbidden
Mon Jan 21 18:44:05 CET 2008 root   Ping has take an user forbidden
Mon Jan 21 18:44:06 CET 2008 root   Ping has take an user forbidden
Mon Jan 21 18:44:07 CET 2008 root   Ping has take an user forbidden
Mon Jan 21 18:44:08 CET 2008 root   Ping has take an user forbidden
Mon Jan 21 18:44:09 CET 2008 root   Ping has take an user forbidden
Mon Jan 21 18:44:10 CET 2008 root   Ping has take an user forbidden
Mon Jan 21 18:44:11 CET 2008 root   Ping has take an user forbidden
Mon Jan 21 18:44:12 CET 2008 root   Ping has take an user forbidden
Mon Jan 21 18:44:13 CET 2008 root   Ping has take an user forbidden
Mon Jan 21 18:44:14 CET 2008 root   Ping has take an user forbidden
Mon Jan 21 18:44:15 CET 2008 root   Ping has take an user forbidden
Mon Jan 21 18:44:16 CET 2008 root   Ping has take an user forbidden
Mon Jan 21 18:44:17 CET 2008 root   Ping has take an user forbidden
Mon Jan 21 18:44:18 CET 2008 root   Ping has take an user forbidden
Mon Jan 21 18:44:19 CET 2008 root   Ping has take an user forbidden
Mon Jan 21 18:44:25 CET 2008 root   Ping has take an user forbidden
Mon Jan 21 18:44:26 CET 2008 root   Ping has take an user forbidden
Mon Jan 21 18:44:27 CET 2008 root   Ping has take an user forbidden
Mon Jan 21 18:44:28 CET 2008 root   Ping has take an user forbidden
Mon Jan 21 18:44:35 CET 2008 root   Ping has take an user forbidden
Mon Jan 21 18:44:36 CET 2008 root   Ping has take an user forbidden
Mon Jan 21 18:44:37 CET 2008 root   Ping has take an user forbidden
Mon Jan 21 18:44:38 CET 2008 root   Ping has take an user forbidden
Mon Jan 21 18:44:39 CET 2008 root   Ping has take an user forbidden
Mon Jan 21 18:44:40 CET 2008 root   Ping has take an user forbidden
Mon Jan 21 18:44:41 CET 2008 root   Ping has take an user forbidden
Mon Jan 21 18:44:42 CET 2008 root   Ping has take an user forbidden
Mon Jan 21 18:44:43 CET 2008 root   Ping has take an user forbidden
Mon Jan 21 18:44:44 CET 2008 root   Ping has take an user forbidden
Mon Jan 21 18:44:45 CET 2008 root   Ping has take an user forbidden
Mon Jan 21 18:44:46 CET 2008 root   Ping has take an user forbidden
Mon Jan 21 18:44:47 CET 2008 root   Ping has take an user forbidden
Mon Jan 21 18:44:48 CET 2008 root   Ping has take an user forbidden
Mon Jan 21 18:44:49 CET 2008 root   Ping has take an user forbidden
Mon Jan 21 18:44:50 CET 2008 root   Ping has take an user forbidden
Mon Jan 21 18:44:51 CET 2008 root   Ping has take an user forbidden
Mon Jan 21 18:44:52 CET 2008 root   Ping has take an user forbidden
Mon Jan 21 18:44:53 CET 2008 root   Ping has take an user forbidden
Mon Jan 21 18:44:54 CET 2008 root   Ping has take an user forbidden
Mon Jan 21 18:44:55 CET 2008 root   Ping has take an user forbidden
Mon Jan 21 18:44:56 CET 2008 root   Ping has take an user forbidden
Mon Jan 21 18:44:57 CET 2008 root   Ping has take an user forbidden
Mon Jan 21 18:44:58 CET 2008 root   Ping has take an user forbidden
Mon Jan 21 18:44:59 CET 2008 root   Ping has take an user forbidden
Mon Jan 21 18:45:00 CET 2008 root   Ping has take an user forbidden
Mon Jan 21 18:45:01 CET 2008 root   Ping has take an user forbidden
Mon Jan 21 18:45:02 CET 2008 root   Ping has take an user forbidden
Mon Jan 21 18:45:03 CET 2008 root   Ping has take an user forbidden
Mon Jan 21 18:45:04 CET 2008 root   Ping has take an user forbidden
Mon Jan 21 18:45:05 CET 2008 root   Ping has take an user forbidden
Mon Jan 21 18:45:06 CET 2008 root   Ping has take an user forbidden
Mon Jan 21 18:45:07 CET 2008 root   Ping has take an user forbidden
Mon Jan 21 18:45:08 CET 2008 root   Ping has take an user forbidden
Mon Jan 21 18:45:09 CET 2008 root   Ping has take an user forbidden
Mon Jan 21 18:45:10 CET 2008 root   Ping has take an user forbidden
Mon Jan 21 18:45:11 CET 2008 root   Ping has take an user forbidden
Mon Jan 21 18:45:45 CET 2008 root ConnectionThread  Input/Output error on link
Mon Jan 21 18:45:45 CET 2008 root ConnectionThread  Input/Output error on link
Mon Jan 21 18:53:58 CET 2008 root RegistrationManager QuestionGame Added registration service for app QuestionGame
Mon Jan 21 18:54:52 CET 2008 root SettingsManager 001D6EBABAE5 Connection refused because requested application hasn't been approved or max user number exceeded
Mon Jan 21 18:55:00 CET 2008 root SettingsManager 001D6EBABAE5 Connection refused because requested application hasn't been approved or max user number exceeded
Mon Jan 21 18:55:43 CET 2008 root SettingsManager 001D6EBABAE5 Connection refused because requested application hasn't been approved or max user number exceeded
Mon Jan 21 18:55:58 CET 2008 root RegistrationManager ChatMain Added registration service for app ChatMain
Mon Jan 21 18:59:47 CET 2008 root RegistrationManager QuestionGame Added registration service for app QuestionGame
Mon Jan 21 19:00:01 CET 2008 root RegistrationManager ChatMain Added registration service for app ChatMain
Mon Jan 21 19:01:03 CET 2008 root SettingsManager 001D6EBABAE5 Connection refused because requested application hasn't been approved or max user number exceeded
Mon Jan 21 19:01:40 CET 2008 root ConnectionThread  Input/Output error on link
Mon Jan 21 19:02:44 CET 2008 root ConnectionThread  Input/Output error on link
Mon Jan 21 19:03:18 CET 2008 root RegistrationManager ChatMain Added registration service for app ChatMain
Mon Jan 21 19:03:18 CET 2008 root   Ping has take an user forbidden
Mon Jan 21 19:03:19 CET 2008 root   Ping has take an user forbidden
Mon Jan 21 19:03:20 CET 2008 root   Ping has take an user forbidden
Mon Jan 21 19:03:21 CET 2008 root   Ping has take an user forbidden
Mon Jan 21 19:03:22 CET 2008 root   Ping has take an user forbidden
Mon Jan 21 19:03:23 CET 2008 root   Ping has take an user forbidden
Mon Jan 21 19:03:24 CET 2008 root   Ping has take an user forbidden
Mon Jan 21 19:05:39 CET 2008 root RegistrationManager ChatMain Added registration service for app ChatMain
Mon Jan 21 19:05:52 CET 2008 root RegistrationManager QuestionGame Added registration service for app QuestionGame
Mon Jan 21 19:05:52 CET 2008 root   Ping has take an user forbidden
Mon Jan 21 19:05:53 CET 2008 root   Ping has take an user forbidden
Mon Jan 21 19:05:54 CET 2008 root   Ping has take an user forbidden
Mon Jan 21 19:05:55 CET 2008 root   Ping has take an user forbidden
Mon Jan 21 19:05:56 CET 2008 root   Ping has take an user forbidden
Mon Jan 21 19:05:57 CET 2008 root   Ping has take an user forbidden
Mon Jan 21 19:05:58 CET 2008 root   Ping has take an user forbidden
Mon Jan 21 19:05:59 CET 2008 root   Ping has take an user forbidden
Mon Jan 21 19:06:00 CET 2008 root   Ping has take an user forbidden
Mon Jan 21 19:06:29 CET 2008 root SettingsManager 001D6EBABAE5 Connection refused because requested application hasn't been approved or max user number exceeded
Mon Jan 21 19:06:58 CET 2008 root ConnectionThread  Input/Output error on link
Mon Jan 21 19:08:02 CET 2008 root ConnectionThread  Input/Output error on link
Mon Jan 21 19:08:47 CET 2008 root RegistrationManager QuestionGame Added registration service for app QuestionGame
Mon Jan 21 19:09:13 CET 2008 root RegistrationManager ChatMain Added registration service for app ChatMain
Mon Jan 21 19:09:14 CET 2008 root   Ping has take an user forbidden
Mon Jan 21 19:09:15 CET 2008 root   Ping has take an user forbidden
Mon Jan 21 19:09:16 CET 2008 root   Ping has take an user forbidden
Mon Jan 21 19:09:17 CET 2008 root   Ping has take an user forbidden
Mon Jan 21 19:09:18 CET 2008 root   Ping has take an user forbidden
Mon Jan 21 19:09:19 CET 2008 root   Ping has take an user forbidden
Mon Jan 21 19:09:20 CET 2008 root   Ping has take an user forbidden
Mon Jan 21 19:09:21 CET 2008 root   Ping has take an user forbidden
Mon Jan 21 19:09:22 CET 2008 root   Ping has take an user forbidden
Mon Jan 21 19:09:23 CET 2008 root   Ping has take an user forbidden
Mon Jan 21 19:09:24 CET 2008 root   Ping has take an user forbidden
Mon Jan 21 19:09:25 CET 2008 root   Ping has take an user forbidden
Mon Jan 21 19:09:26 CET 2008 root   Ping has take an user forbidden
Mon Jan 21 19:09:27 CET 2008 root   Ping has take an user forbidden
Mon Jan 21 19:09:28 CET 2008 root   Ping has take an user forbidden
Mon Jan 21 19:09:29 CET 2008 root   Ping has take an user forbidden
Mon Jan 21 19:09:30 CET 2008 root   Ping has take an user forbidden
Mon Jan 21 19:09:31 CET 2008 root   Ping has take an user forbidden
Mon Jan 21 19:09:32 CET 2008 root   Ping has take an user forbidden
Mon Jan 21 19:09:33 CET 2008 root   Ping has take an user forbidden
Mon Jan 21 19:09:34 CET 2008 root   Ping has take an user forbidden
Mon Jan 21 19:09:35 CET 2008 root   Ping has take an user forbidden
Mon Jan 21 19:09:36 CET 2008 root   Ping has take an user forbidden
Mon Jan 21 19:09:37 CET 2008 root   Ping has take an user forbidden
Mon Jan 21 19:09:38 CET 2008 root   Ping has take an user forbidden
Mon Jan 21 19:09:39 CET 2008 root   Ping has take an user forbidden
Mon Jan 21 19:09:40 CET 2008 root   Ping has take an user forbidden
Mon Jan 21 19:09:41 CET 2008 root   Ping has take an user forbidden
Mon Jan 21 19:09:42 CET 2008 root   Ping has take an user forbidden
Mon Jan 21 19:09:43 CET 2008 root   Ping has take an user forbidden
Mon Jan 21 19:09:44 CET 2008 root   Ping has take an user forbidden
Mon Jan 21 19:09:45 CET 2008 root   Ping has take an user forbidden
Mon Jan 21 19:09:46 CET 2008 root   Ping has take an user forbidden
Mon Jan 21 19:09:47 CET 2008 root   Ping has take an user forbidden
Mon Jan 21 19:09:48 CET 2008 root   Ping has take an user forbidden
Mon Jan 21 19:09:49 CET 2008 root   Ping has take an user forbidden
Mon Jan 21 19:09:50 CET 2008 root   Ping has take an user forbidden
Mon Jan 21 19:09:51 CET 2008 root   Ping has take an user forbidden
Mon Jan 21 19:09:52 CET 2008 root   Ping has take an user forbidden
Mon Jan 21 19:10:17 CET 2008 root   Ping has take an user forbidden
Mon Jan 21 19:10:18 CET 2008 root   Ping has take an user forbidden
Mon Jan 21 19:10:19 CET 2008 root   Ping has take an user forbidden
Mon Jan 21 19:10:20 CET 2008 root   Ping has take an user forbidden
Mon Jan 21 19:10:21 CET 2008 root   Ping has take an user forbidden
Mon Jan 21 19:10:22 CET 2008 root   Ping has take an user forbidden
Mon Jan 21 19:10:23 CET 2008 root   Ping has take an user forbidden
Mon Jan 21 19:10:24 CET 2008 root   Ping has take an user forbidden
Mon Jan 21 19:10:25 CET 2008 root   Ping has take an user forbidden
Mon Jan 21 19:10:32 CET 2008 root   Ping has take an user forbidden
Mon Jan 21 19:10:32 CET 2008 root   Ping has take an user forbidden
Mon Jan 21 19:10:33 CET 2008 root   Ping has take an user forbidden
Mon Jan 21 19:10:34 CET 2008 root   Ping has take an user forbidden
Mon Jan 21 19:10:35 CET 2008 root   Ping has take an user forbidden
Mon Jan 21 19:10:36 CET 2008 root   Ping has take an user forbidden
Mon Jan 21 19:10:37 CET 2008 root   Ping has take an user forbidden
Mon Jan 21 19:10:38 CET 2008 root   Ping has take an user forbidden
Mon Jan 21 19:10:39 CET 2008 root   Ping has take an user forbidden
Mon Jan 21 19:10:40 CET 2008 root   Ping has take an user forbidden
Mon Jan 21 19:10:41 CET 2008 root   Ping has take an user forbidden
Mon Jan 21 19:10:42 CET 2008 root   Ping has take an user forbidden
Mon Jan 21 19:10:43 CET 2008 root   Ping has take an user forbidden
Mon Jan 21 19:10:44 CET 2008 root   Ping has take an user forbidden
Mon Jan 21 19:10:45 CET 2008 root   Ping has take an user forbidden
Mon Jan 21 19:10:46 CET 2008 root   Ping has take an user forbidden
Mon Jan 21 19:10:47 CET 2008 root   Ping has take an user forbidden
Mon Jan 21 19:10:48 CET 2008 root   Ping has take an user forbidden
Mon Jan 21 19:10:49 CET 2008 root   Ping has take an user forbidden
Mon Jan 21 19:10:50 CET 2008 root   Ping has take an user forbidden
Mon Jan 21 19:10:51 CET 2008 root   Ping has take an user forbidden
Mon Jan 21 19:10:51 CET 2008 root ConnectionThread  Input/Output error on link
Tue Jan 22 00:58:05 CET 2008 root RegistrationManager QuestionGame Added registration service for app QuestionGame
Tue Jan 22 00:59:30 CET 2008 root RegistrationManager ChatMain Added registration service for app ChatMain
Tue Jan 22 00:59:30 CET 2008 root   Ping has take an user forbidden
Tue Jan 22 00:59:31 CET 2008 root   Ping has take an user forbidden
Tue Jan 22 00:59:32 CET 2008 root   Ping has take an user forbidden
Tue Jan 22 00:59:33 CET 2008 root   Ping has take an user forbidden
Tue Jan 22 00:59:34 CET 2008 root   Ping has take an user forbidden
Tue Jan 22 00:59:35 CET 2008 root   Ping has take an user forbidden
Tue Jan 22 00:59:36 CET 2008 root   Ping has take an user forbidden
Tue Jan 22 00:59:37 CET 2008 root   Ping has take an user forbidden
Tue Jan 22 00:59:38 CET 2008 root   Ping has take an user forbidden
Tue Jan 22 00:59:39 CET 2008 root   Ping has take an user forbidden
Tue Jan 22 00:59:40 CET 2008 root   Ping has take an user forbidden
Tue Jan 22 00:59:41 CET 2008 root ConnectionThread  Input/Output error on link
Tue Jan 22 01:27:54 CET 2008 root RegistrationManager ChatMain Added registration service for app ChatMain
Tue Jan 22 01:29:15 CET 2008 root ConnectionThread  Input/Output error on link
Tue Jan 22 01:29:32 CET 2008 root RegistrationManager ChatMain Added registration service for app ChatMain
Tue Jan 22 01:30:30 CET 2008 root RegistrationManager QuestionGame Added registration service for app QuestionGame
Tue Jan 22 01:31:12 CET 2008 root   Ping has take an user forbidden
Tue Jan 22 01:31:13 CET 2008 root   Ping has take an user forbidden
Tue Jan 22 01:31:14 CET 2008 root   Ping has take an user forbidden
Tue Jan 22 01:31:15 CET 2008 root   Ping has take an user forbidden
Tue Jan 22 01:31:16 CET 2008 root   Ping has take an user forbidden
Tue Jan 22 01:31:17 CET 2008 root   Ping has take an user forbidden
Tue Jan 22 01:31:18 CET 2008 root   Ping has take an user forbidden
Tue Jan 22 01:31:19 CET 2008 root   Ping has take an user forbidden
Tue Jan 22 01:39:19 CET 2008 root RegistrationManager QuestionGame Added registration service for app QuestionGame
Tue Jan 22 01:40:42 CET 2008 root RegistrationManager QuestionGame Added registration service for app QuestionGame
Tue Jan 22 01:41:33 CET 2008 root RegistrationManager ChatMain Added registration service for app ChatMain
Tue Jan 22 01:41:33 CET 2008 root   Ping has take an user forbidden
Tue Jan 22 01:41:34 CET 2008 root   Ping has take an user forbidden
Tue Jan 22 01:41:35 CET 2008 root   Ping has take an user forbidden
Tue Jan 22 01:41:36 CET 2008 root   Ping has take an user forbidden
Tue Jan 22 01:41:37 CET 2008 root   Ping has take an user forbidden
Tue Jan 22 01:41:38 CET 2008 root   Ping has take an user forbidden
Tue Jan 22 01:49:08 CET 2008 root RegistrationManager QuestionGame Added registration service for app QuestionGame
Tue Jan 22 01:49:39 CET 2008 root ConnectionThread  Input/Output error on link
Tue Jan 22 01:50:36 CET 2008 root RegistrationManager QuestionGame Added registration service for app QuestionGame
Tue Jan 22 01:51:36 CET 2008 root   Ping has take an user forbidden
Tue Jan 22 01:51:36 CET 2008 root RegistrationManager ChatMain Added registration service for app ChatMain
Tue Jan 22 01:51:37 CET 2008 root   Ping has take an user forbidden
Tue Jan 22 01:51:38 CET 2008 root   Ping has take an user forbidden
Tue Jan 22 01:51:39 CET 2008 root   Ping has take an user forbidden
Tue Jan 22 01:51:40 CET 2008 root   Ping has take an user forbidden
Tue Jan 22 01:51:41 CET 2008 root   Ping has take an user forbidden
Tue Jan 22 01:51:42 CET 2008 root   Ping has take an user forbidden
Tue Jan 22 01:51:43 CET 2008 root   Ping has take an user forbidden
Tue Jan 22 01:51:44 CET 2008 root   Ping has take an user forbidden
Tue Jan 22 01:51:45 CET 2008 root   Ping has take an user forbidden
Tue Jan 22 01:51:46 CET 2008 root   Ping has take an user forbidden
Tue Jan 22 01:51:47 CET 2008 root   Ping has take an user forbidden
Tue Jan 22 01:51:48 CET 2008 root   Ping has take an user forbidden
Tue Jan 22 01:51:49 CET 2008 root   Ping has take an user forbidden
Tue Jan 22 01:51:50 CET 2008 root   Ping has take an user forbidden
Tue Jan 22 02:14:29 CET 2008 root RegistrationManager QuestionGame Added registration service for app QuestionGame
Tue Jan 22 02:15:05 CET 2008 root RegistrationManager ChatMain Added registration service for app ChatMain
Tue Jan 22 02:15:06 CET 2008 root   Ping has take an user forbidden
Tue Jan 22 02:15:07 CET 2008 root   Ping has take an user forbidden
Tue Jan 22 02:15:08 CET 2008 root   Ping has take an user forbidden
Tue Jan 22 02:15:09 CET 2008 root   Ping has take an user forbidden
Tue Jan 22 02:15:10 CET 2008 root   Ping has take an user forbidden
Tue Jan 22 02:15:11 CET 2008 root   Ping has take an user forbidden
Tue Jan 22 02:23:30 CET 2008 root RegistrationManager QuestionGame Added registration service for app QuestionGame
Tue Jan 22 02:24:02 CET 2008 root RegistrationManager ChatMain Added registration service for app ChatMain
Tue Jan 22 02:30:40 CET 2008 root RegistrationManager ChatMain Added registration service for app ChatMain
Tue Jan 22 02:30:45 CET 2008 root ConnectionThread  Input/Output error on link
Tue Jan 22 02:31:35 CET 2008 root RegistrationManager ChatMain Added registration service for app ChatMain
Tue Jan 22 02:31:48 CET 2008 root ConnectionThread  Input/Output error on link
Tue Jan 22 02:32:06 CET 2008 root RegistrationManager ChatMain Added registration service for app ChatMain
Tue Jan 22 02:32:11 CET 2008 root ConnectionThread  Input/Output error on link
Tue Jan 22 02:32:24 CET 2008 root RegistrationManager ChatMain Added registration service for app ChatMain
Tue Jan 22 02:32:31 CET 2008 root ConnectionThread  Input/Output error on link
Tue Jan 22 02:32:50 CET 2008 root RegistrationManager ChatMain Added registration service for app ChatMain
Tue Jan 22 02:33:11 CET 2008 root RegistrationManager QuestionGame Added registration service for app QuestionGame
Tue Jan 22 02:41:29 CET 2008 root RegistrationManager QuestionGame Added registration service for app QuestionGame
Tue Jan 22 02:41:58 CET 2008 root RegistrationManager ChatMain Added registration service for app ChatMain
Tue Jan 22 02:57:56 CET 2008 root RegistrationManager QuestionGame Added registration service for app QuestionGame
Tue Jan 22 03:06:10 CET 2008 root RegistrationManager QuestionGame Added registration service for app QuestionGame
Tue Jan 22 03:10:15 CET 2008 root RegistrationManager QuestionGame Added registration service for app QuestionGame
Tue Jan 22 03:10:21 CET 2008 root ConnectionThread  Input/Output error on link
Tue Jan 22 03:10:45 CET 2008 root RegistrationManager QuestionGame Added registration service for app QuestionGame
Tue Jan 22 03:11:59 CET 2008 root RegistrationManager ChatMain Added registration service for app ChatMain
Tue Jan 22 03:12:59 CET 2008 root RegistrationManager ChatMain Added registration service for app ChatMain
Tue Jan 22 03:13:24 CET 2008 root RegistrationManager QuestionGame Added registration service for app QuestionGame
Tue Jan 22 03:15:49 CET 2008 root RegistrationManager ChatMain Added registration service for app ChatMain
Tue Jan 22 03:15:54 CET 2008 root ConnectionThread  Input/Output error on link
Tue Jan 22 03:16:50 CET 2008 root RegistrationManager ChatMain Added registration service for app ChatMain
Tue Jan 22 03:17:17 CET 2008 root RegistrationManager QuestionGame Added registration service for app QuestionGame
Tue Jan 22 03:19:34 CET 2008 root RegistrationManager QuestionGame Added registration service for app QuestionGame
Tue Jan 22 03:19:39 CET 2008 root ConnectionThread  Input/Output error on link
Tue Jan 22 03:20:20 CET 2008 root RegistrationManager QuestionGame Added registration service for app QuestionGame
Tue Jan 22 03:22:26 CET 2008 root ConnectionThread  Input/Output error on link
Tue Jan 22 03:36:40 CET 2008 root RegistrationManager ChatMain Added registration service for app ChatMain
Tue Jan 22 03:37:33 CET 2008 root RegistrationManager QuestionGame Added registration service for app QuestionGame
Tue Jan 22 03:42:17 CET 2008 root RegistrationManager QuestionGame Added registration service for app QuestionGame
Tue Jan 22 03:42:35 CET 2008 root RegistrationManager ChatMain Added registration service for app ChatMain
Tue Jan 22 13:14:01 CET 2008 root RegistrationManager QuestionGame Added registration service for app QuestionGame
Tue Jan 22 13:14:23 CET 2008 root RegistrationManager ChatMain Added registration service for app ChatMain
Tue Jan 22 13:15:28 CET 2008 root RegistrationManager ChatMain Added registration service for app ChatMain
Tue Jan 22 13:15:54 CET 2008 root RegistrationManager QuestionGame Added registration service for app QuestionGame
Tue Jan 22 13:19:47 CET 2008 root RegistrationManager QuestionGame Added registration service for app QuestionGame
Tue Jan 22 13:23:26 CET 2008 root RegistrationManager ChatMain Added registration service for app ChatMain
Tue Jan 22 13:23:33 CET 2008 root ConnectionThread  Input/Output error on link
Tue Jan 22 13:24:09 CET 2008 root RegistrationManager ChatMain Added registration service for app ChatMain
Tue Jan 22 13:24:27 CET 2008 root RegistrationManager QuestionGame Added registration service for app QuestionGame
Tue Jan 22 13:26:40 CET 2008 root RegistrationManager QuestionGame Added registration service for app QuestionGame
Tue Jan 22 13:26:47 CET 2008 root ConnectionThread  Input/Output error on link
Tue Jan 22 13:27:37 CET 2008 root RegistrationManager QuestionGame Added registration service for app QuestionGame
Tue Jan 22 13:28:03 CET 2008 root RegistrationManager ChatMain Added registration service for app ChatMain
Tue Jan 22 13:37:04 CET 2008 root RegistrationManager ChatMain Added registration service for app ChatMain
Tue Jan 22 13:37:35 CET 2008 root RegistrationManager QuestionGame Added registration service for app QuestionGame
Tue Jan 22 13:41:45 CET 2008 root RegistrationManager QuestionGame Added registration service for app QuestionGame
Tue Jan 22 13:42:09 CET 2008 root RegistrationManager ChatMain Added registration service for app ChatMain
Tue Jan 22 13:42:13 CET 2008 root ConnectionThread  Input/Output error on link
Tue Jan 22 13:46:18 CET 2008 root RegistrationManager QuestionGame Added registration service for app QuestionGame
Tue Jan 22 13:46:56 CET 2008 root RegistrationManager ChatMain Added registration service for app ChatMain
Tue Jan 22 13:47:33 CET 2008 root ConnectionThread  Input/Output error on link
Tue Jan 22 13:52:42 CET 2008 root RegistrationManager QuestionGame Added registration service for app QuestionGame
Tue Jan 22 13:52:52 CET 2008 root ConnectionThread  Input/Output error on link
Tue Jan 22 13:53:38 CET 2008 root RegistrationManager QuestionGame Added registration service for app QuestionGame
Tue Jan 22 13:55:44 CET 2008 root RegistrationManager ChatMain Added registration service for app ChatMain
Tue Jan 22 13:55:52 CET 2008 root ConnectionThread  Input/Output error on link
Tue Jan 22 13:56:20 CET 2008 root RegistrationManager ChatMain Added registration service for app ChatMain
Tue Jan 22 14:28:22 CET 2008 root RegistrationManager QuestionGame Added registration service for app QuestionGame
Tue Jan 22 14:28:55 CET 2008 root ConnectionThread  Input/Output error on link
Tue Jan 22 14:29:23 CET 2008 root RegistrationManager QuestionGame Added registration service for app QuestionGame
Tue Jan 22 14:29:40 CET 2008 root ConnectionThread  Input/Output error on link
Tue Jan 22 17:55:15 CET 2008 root RegistrationManager QuestionGame Added registration service for app QuestionGame
Tue Jan 22 17:56:04 CET 2008 root RegistrationManager ChatMain Added registration service for app ChatMain
Tue Jan 22 17:56:53 CET 2008 root ConnectionThread  Input/Output error on link
